<?xml version="1.0" encoding="UTF-8"?>
<!-- Generated by org.testng.reporters.JUnitReportReporter -->
<testsuite skipped="0" hostname="SW-LP09418.local" name="TM_Interview.TM_Interview.TestCase" tests="1" failures="0" timestamp="19 Sep 2020 17:16:26 GMT" time="17.543" errors="0">
  <testcase name="login" time="17.543" classname="TM_Interview.TM_Interview.TestCase"/>
</testsuite> <!-- TM_Interview.TM_Interview.TestCase -->
